###############################################################################
#
# IAR ANSI C/C++ Compiler V8.11.1.13263/W32 for ARM       20/Apr/2017  15:44:39
# Copyright 1999-2017 IAR Systems AB.
#
#    Cpu mode     =  thumb
#    Endian       =  little
#    Source file  =  
#        D:\development\stm32\src_code\stm32cubef1\en.stm32cubef1\STM32Cube_FW_F1_V1.4.0\Projects\STM32F103ZET6_JJDK_ZK_01_V5\app\freertos\automatic_wine_machine\Src\debug.c
#    Command line =  
#        -f C:\Users\wkxbo\AppData\Local\Temp\EWDE6F.tmp
#        (D:\development\stm32\src_code\stm32cubef1\en.stm32cubef1\STM32Cube_FW_F1_V1.4.0\Projects\STM32F103ZET6_JJDK_ZK_01_V5\app\freertos\automatic_wine_machine\Src\debug.c
#        -D USE_HAL_DRIVER -D STM32F103xE -D USE_STM32F103ZET6_JJDK_ZK_01_V5 -D
#        DEBUG=1 -lC
#        D:\development\stm32\src_code\stm32cubef1\en.stm32cubef1\STM32Cube_FW_F1_V1.4.0\Projects\STM32F103ZET6_JJDK_ZK_01_V5\app\freertos\automatic_wine_machine\EWARM\DEBUG\List
#        -lA
#        D:\development\stm32\src_code\stm32cubef1\en.stm32cubef1\STM32Cube_FW_F1_V1.4.0\Projects\STM32F103ZET6_JJDK_ZK_01_V5\app\freertos\automatic_wine_machine\EWARM\DEBUG\List
#        -o
#        D:\development\stm32\src_code\stm32cubef1\en.stm32cubef1\STM32Cube_FW_F1_V1.4.0\Projects\STM32F103ZET6_JJDK_ZK_01_V5\app\freertos\automatic_wine_machine\EWARM\DEBUG\Obj
#        --no_cse --no_unroll --no_inline --no_code_motion --no_tbaa
#        --no_clustering --no_scheduling --debug --endian=little
#        --cpu=Cortex-M3 -e --fpu=None --dlib_config "C:\Program Files
#        (x86)\IAR Systems\Embedded Workbench 8.0\arm\INC\c\DLib_Config_Full.h"
#        -I
#        D:\development\stm32\src_code\stm32cubef1\en.stm32cubef1\STM32Cube_FW_F1_V1.4.0\Projects\STM32F103ZET6_JJDK_ZK_01_V5\app\freertos\automatic_wine_machine\EWARM\..\Inc\
#        -I
#        D:\development\stm32\src_code\stm32cubef1\en.stm32cubef1\STM32Cube_FW_F1_V1.4.0\Projects\STM32F103ZET6_JJDK_ZK_01_V5\app\freertos\automatic_wine_machine\EWARM\..\..\..\..\..\..\Drivers\CMSIS\Device\ST\STM32F1xx\Include\
#        -I
#        D:\development\stm32\src_code\stm32cubef1\en.stm32cubef1\STM32Cube_FW_F1_V1.4.0\Projects\STM32F103ZET6_JJDK_ZK_01_V5\app\freertos\automatic_wine_machine\EWARM\..\..\..\..\..\..\Drivers\STM32F1xx_HAL_Driver\Inc\
#        -I
#        D:\development\stm32\src_code\stm32cubef1\en.stm32cubef1\STM32Cube_FW_F1_V1.4.0\Projects\STM32F103ZET6_JJDK_ZK_01_V5\app\freertos\automatic_wine_machine\EWARM\..\..\..\..\..\..\Drivers\BSP\STM3210C_EVAL\
#        -I
#        D:\development\stm32\src_code\stm32cubef1\en.stm32cubef1\STM32Cube_FW_F1_V1.4.0\Projects\STM32F103ZET6_JJDK_ZK_01_V5\app\freertos\automatic_wine_machine\EWARM\..\..\..\..\..\..\Middlewares\Third_Party\FreeRTOS\Source\portable\IAR\ARM_CM3\
#        -I
#        D:\development\stm32\src_code\stm32cubef1\en.stm32cubef1\STM32Cube_FW_F1_V1.4.0\Projects\STM32F103ZET6_JJDK_ZK_01_V5\app\freertos\automatic_wine_machine\EWARM\..\..\..\..\..\..\Middlewares\Third_Party\FreeRTOS\Source\CMSIS_RTOS\
#        -I
#        D:\development\stm32\src_code\stm32cubef1\en.stm32cubef1\STM32Cube_FW_F1_V1.4.0\Projects\STM32F103ZET6_JJDK_ZK_01_V5\app\freertos\automatic_wine_machine\EWARM\..\..\..\..\..\..\Middlewares\Third_Party\FreeRTOS\Source\include\
#        -I "C:\Program Files (x86)\IAR Systems\Embedded Workbench
#        8.0\arm\src\flashloader\NXP\FlashQN9080\chip_qn908x\cmsis\" -On
#        --use_c++_inline -I "C:\Program Files (x86)\IAR Systems\Embedded
#        Workbench 8.0\arm\CMSIS\Include\")
#    Locale       =  C
#    List file    =  
#        D:\development\stm32\src_code\stm32cubef1\en.stm32cubef1\STM32Cube_FW_F1_V1.4.0\Projects\STM32F103ZET6_JJDK_ZK_01_V5\app\freertos\automatic_wine_machine\EWARM\DEBUG\List\debug.lst
#    Object file  =  
#        D:\development\stm32\src_code\stm32cubef1\en.stm32cubef1\STM32Cube_FW_F1_V1.4.0\Projects\STM32F103ZET6_JJDK_ZK_01_V5\app\freertos\automatic_wine_machine\EWARM\DEBUG\Obj\debug.o
#
###############################################################################

D:\development\stm32\src_code\stm32cubef1\en.stm32cubef1\STM32Cube_FW_F1_V1.4.0\Projects\STM32F103ZET6_JJDK_ZK_01_V5\app\freertos\automatic_wine_machine\Src\debug.c
      1          #include "stdio.h"
      2          #include <stdint.h>
      3          #include "debug.h"

  #define DEBUG(format, ...) printf("[%16d] "" File:%s, Line:%d, Function:%s\r\n"format, osKernelSysTick(),__FILE__, __LINE__ , __FUNCTION__, ##__VA_ARGS__); 
          ^
"D:\development\stm32\src_code\stm32cubef1\en.stm32cubef1\STM32Cube_FW_F1_V1.4.0\Projects\STM32F103ZET6_JJDK_ZK_01_V5\app\freertos\automatic_wine_machine\Inc\debug.h",5  Warning[Pe047]: 
          incompatible redefinition of macro "DEBUG" (declared at line 5)
      4          #include "cmsis_os.h"
      5          
      6          
      7          
      8          

   \                                 In section .text, align 4, keep-with-next
      9          void do_something()
     10          {
   \                     do_something: (+1)
   \   00000000   0xB53E             PUSH     {R1-R5,LR}
     11           int16_t i=0x10;
   \   00000002   0x2410             MOVS     R4,#+16
     12           int16_t j=0x20;
   \   00000004   0x2520             MOVS     R5,#+32
     13           DEBUG("i=%4d,j=%4d",i,j);
   \   00000006   0x.... 0x....      BL       osKernelSysTick
   \   0000000A   0xB22D             SXTH     R5,R5            ;; SignExt  R5,R5,#+16,#+16
   \   0000000C   0x9502             STR      R5,[SP, #+8]
   \   0000000E   0xB224             SXTH     R4,R4            ;; SignExt  R4,R4,#+16,#+16
   \   00000010   0x9401             STR      R4,[SP, #+4]
   \   00000012   0x4904             LDR.N    R1,??do_something_0
   \   00000014   0x9100             STR      R1,[SP, #+0]
   \   00000016   0x230D             MOVS     R3,#+13
   \   00000018   0x4A03             LDR.N    R2,??do_something_0+0x4
   \   0000001A   0x0001             MOVS     R1,R0
   \   0000001C   0x4803             LDR.N    R0,??do_something_0+0x8
   \   0000001E   0x.... 0x....      BL       printf
     14          
     15           
     16            
     17          }
   \   00000022   0xBD37             POP      {R0-R2,R4,R5,PC}  ;; return
   \                     ??do_something_0:
   \   00000024   0x........         DC32     `do_something::__FUNCTION__`
   \   00000028   0x........         DC32     ?_1
   \   0000002C   0x........         DC32     ?_0

   \                                 In section .rodata, align 4
   \                     ?_0:
   \   00000000   0x5B 0x25          DC8 5BH, 25H, 31H, 36H, 64H, 5DH, 20H, 20H
   \              0x31 0x36    
   \              0x64 0x5D    
   \              0x20 0x20    
   \   00000008   0x46 0x69          DC8 46H, 69H, 6CH, 65H, 3AH, 25H, 73H, 2CH
   \              0x6C 0x65    
   \              0x3A 0x25    
   \              0x73 0x2C    
   \   00000010   0x20 0x4C          DC8 20H, 4CH, 69H, 6EH, 65H, 3AH, 25H, 64H
   \              0x69 0x6E    
   \              0x65 0x3A    
   \              0x25 0x64    
   \   00000018   0x2C 0x20          DC8 2CH, 20H, 46H, 75H, 6EH, 63H, 74H, 69H
   \              0x46 0x75    
   \              0x6E 0x63    
   \              0x74 0x69    
   \   00000020   0x6F 0x6E          DC8 6FH, 6EH, 3AH, 25H, 73H, 0DH, 0AH, 69H
   \              0x3A 0x25    
   \              0x73 0x0D    
   \              0x0A 0x69    
   \   00000028   0x3D 0x25          DC8 3DH, 25H, 34H, 64H, 2CH, 6AH, 3DH, 25H
   \              0x34 0x64    
   \              0x2C 0x6A    
   \              0x3D 0x25    
   \   00000030   0x34 0x64          DC8 34H, 64H, 0
   \              0x00         
   \   00000033   0x00               DC8 0

   \                                 In section .rodata, align 4
   \                     ?_1:
   \   00000000   0x44 0x3A          DC8 44H, 3AH, 5CH, 64H, 65H, 76H, 65H, 6CH
   \              0x5C 0x64    
   \              0x65 0x76    
   \              0x65 0x6C    
   \   00000008   0x6F 0x70          DC8 6FH, 70H, 6DH, 65H, 6EH, 74H, 5CH, 73H
   \              0x6D 0x65    
   \              0x6E 0x74    
   \              0x5C 0x73    
   \   00000010   0x74 0x6D          DC8 74H, 6DH, 33H, 32H, 5CH, 73H, 72H, 63H
   \              0x33 0x32    
   \              0x5C 0x73    
   \              0x72 0x63    
   \   00000018   0x5F 0x63          DC8 5FH, 63H, 6FH, 64H, 65H, 5CH, 73H, 74H
   \              0x6F 0x64    
   \              0x65 0x5C    
   \              0x73 0x74    
   \   00000020   0x6D 0x33          DC8 6DH, 33H, 32H, 63H, 75H, 62H, 65H, 66H
   \              0x32 0x63    
   \              0x75 0x62    
   \              0x65 0x66    
   \   00000028   0x31 0x5C          DC8 31H, 5CH, 65H, 6EH, 2EH, 73H, 74H, 6DH
   \              0x65 0x6E    
   \              0x2E 0x73    
   \              0x74 0x6D    
   \   00000030   0x33 0x32          DC8 33H, 32H, 63H, 75H, 62H, 65H, 66H, 31H
   \              0x63 0x75    
   \              0x62 0x65    
   \              0x66 0x31    
   \   00000038   0x5C 0x53          DC8 5CH, 53H, 54H, 4DH, 33H, 32H, 43H, 75H
   \              0x54 0x4D    
   \              0x33 0x32    
   \              0x43 0x75    
   \   00000040   0x62 0x65          DC8 62H, 65H, 5FH, 46H, 57H, 5FH, 46H, 31H
   \              0x5F 0x46    
   \              0x57 0x5F    
   \              0x46 0x31    
   \   00000048   0x5F 0x56          DC8 5FH, 56H, 31H, 2EH, 34H, 2EH, 30H, 5CH
   \              0x31 0x2E    
   \              0x34 0x2E    
   \              0x30 0x5C    
   \   00000050   0x50 0x72          DC8 50H, 72H, 6FH, 6AH, 65H, 63H, 74H, 73H
   \              0x6F 0x6A    
   \              0x65 0x63    
   \              0x74 0x73    
   \   00000058   0x5C 0x53          DC8 5CH, 53H, 54H, 4DH, 33H, 32H, 46H, 31H
   \              0x54 0x4D    
   \              0x33 0x32    
   \              0x46 0x31    
   \   00000060   0x30 0x33          DC8 30H, 33H, 5AH, 45H, 54H, 36H, 5FH, 4AH
   \              0x5A 0x45    
   \              0x54 0x36    
   \              0x5F 0x4A    
   \   00000068   0x4A 0x44          DC8 4AH, 44H, 4BH, 5FH, 5AH, 4BH, 5FH, 30H
   \              0x4B 0x5F    
   \              0x5A 0x4B    
   \              0x5F 0x30    
   \   00000070   0x31 0x5F          DC8 31H, 5FH, 56H, 35H, 5CH, 61H, 70H, 70H
   \              0x56 0x35    
   \              0x5C 0x61    
   \              0x70 0x70    
   \   00000078   0x5C 0x66          DC8 5CH, 66H, 72H, 65H, 65H, 72H, 74H, 6FH
   \              0x72 0x65    
   \              0x65 0x72    
   \              0x74 0x6F    
   \   00000080   0x73 0x5C          DC8 73H, 5CH, 61H, 75H, 74H, 6FH, 6DH, 61H
   \              0x61 0x75    
   \              0x74 0x6F    
   \              0x6D 0x61    
   \   00000088   0x74 0x69          DC8 74H, 69H, 63H, 5FH, 77H, 69H, 6EH, 65H
   \              0x63 0x5F    
   \              0x77 0x69    
   \              0x6E 0x65    
   \   00000090   0x5F 0x6D          DC8 5FH, 6DH, 61H, 63H, 68H, 69H, 6EH, 65H
   \              0x61 0x63    
   \              0x68 0x69    
   \              0x6E 0x65    
   \   00000098   0x5C 0x53          DC8 5CH, 53H, 72H, 63H, 5CH, 64H, 65H, 62H
   \              0x72 0x63    
   \              0x5C 0x64    
   \              0x65 0x62    
   \   000000A0   0x75 0x67          DC8 75H, 67H, 2EH, 63H, 0
   \              0x2E 0x63    
   \              0x00         
   \   000000A5   0x00 0x00          DC8 0, 0, 0
   \              0x00         

   Maximum stack usage in bytes:

   .cstack Function
   ------- --------
      24   do_something
        24   -> osKernelSysTick
        24   -> printf


   Section sizes:

   Bytes  Function/Label
   -----  --------------
      52  ?_0
     168  ?_1
      48  do_something
      16  -- Other

 
 236 bytes in section .rodata
  48 bytes in section .text
 
  48 bytes of CODE  memory
 236 bytes of CONST memory

Errors: none
Warnings: 1
